<?xml version="1.0" encoding="UTF-8"?>
<!-- Generated by org.testng.reporters.JUnitXMLReporter -->
<testsuite ignored="2" hostname="DESKTOP-1OIHU9F" failures="0" tests="2" name="TestQA" time="64.798" errors="0" timestamp="2024-10-23T11:47:41 IST">
  <testcase classname="script.ValidLogin" name="testValidLogin" time="8.223"/>
  <testcase classname="script.InvalidLogin" name="TestInvalidLogin" time="1.268"/>
  <testcase classname="generic.BaseTest" name="@BeforeSuite initReport" time="0.0">
    <ignored/>
  </testcase> <!-- @BeforeSuite initReport -->
  <testcase classname="generic.BaseTest" name="@AfterSuite generateReport" time="0.0">
    <ignored/>
  </testcase> <!-- @AfterSuite generateReport -->
</testsuite> <!-- TestQA -->
