<?xml version="1.0" encoding="UTF-8"?>
<testng-results ignored="0" total="2" passed="2" failed="0" skipped="0">
  <reporter-output>
    <line>
      <![CDATA[Home Page is Displayed]]>
    </line>
    <line>
      <![CDATA[Err Msg is Displayed]]>
    </line>
  </reporter-output>
  <suite started-at="2024-10-23T11:46:37 IST" name="Suite" finished-at="2024-10-23T11:47:41 IST" duration-ms="64798">
    <groups>
    </groups>
    <test started-at="2024-10-23T11:46:37 IST" name="TestQA" finished-at="2024-10-23T11:47:41 IST" duration-ms="64798">
      <class name="script.InvalidLogin">
        <test-method is-config="true" signature="initReport()[pri:0, instance:script.InvalidLogin@49e53c76]" started-at="2024-10-23T11:46:36 IST" name="initReport" finished-at="2024-10-23T11:46:37 IST" duration-ms="809" status="PASS">
          <reporter-output>
          </reporter-output>
        </test-method> <!-- initReport -->
        <test-method is-config="true" signature="preCondition(java.lang.reflect.Method,java.lang.String)[pri:0, instance:script.InvalidLogin@49e53c76]" started-at="2024-10-23T11:47:26 IST" name="preCondition" finished-at="2024-10-23T11:47:38 IST" duration-ms="12265" status="PASS">
          <params>
            <param index="0">
              <value>
                <![CDATA[public void script.InvalidLogin.TestInvalidLogin()]]>
              </value>
            </param>
            <param index="1">
              <value>
                <![CDATA[config.properties]]>
              </value>
            </param>
          </params>
          <reporter-output>
          </reporter-output>
        </test-method> <!-- preCondition -->
        <test-method signature="TestInvalidLogin()[pri:2, instance:script.InvalidLogin@49e53c76]" started-at="2024-10-23T11:47:38 IST" name="TestInvalidLogin" finished-at="2024-10-23T11:47:39 IST" duration-ms="1268" status="PASS">
          <reporter-output>
            <line>
              <![CDATA[Err Msg is Displayed]]>
            </line>
          </reporter-output>
        </test-method> <!-- TestInvalidLogin -->
        <test-method is-config="true" signature="postCondition(org.testng.ITestResult)[pri:0, instance:script.InvalidLogin@49e53c76]" started-at="2024-10-23T11:47:39 IST" name="postCondition" finished-at="2024-10-23T11:47:41 IST" duration-ms="1938" status="PASS">
          <params>
            <param index="0">
              <value>
                <![CDATA[[TestResult name=TestInvalidLogin status=SUCCESS method=InvalidLogin.TestInvalidLogin()[pri:2, instance:script.InvalidLogin@49e53c76] output=Err Msg is Displayed]]]>
              </value>
            </param>
          </params>
          <reporter-output>
          </reporter-output>
        </test-method> <!-- postCondition -->
        <test-method is-config="true" signature="generateReport()[pri:0, instance:script.InvalidLogin@49e53c76]" started-at="2024-10-23T11:47:42 IST" name="generateReport" finished-at="2024-10-23T11:47:43 IST" duration-ms="1121" status="PASS">
          <reporter-output>
          </reporter-output>
        </test-method> <!-- generateReport -->
      </class> <!-- script.InvalidLogin -->
      <class name="script.ValidLogin">
        <test-method is-config="true" signature="preCondition(java.lang.reflect.Method,java.lang.String)[pri:0, instance:script.ValidLogin@18078bef]" started-at="2024-10-23T11:46:37 IST" name="preCondition" finished-at="2024-10-23T11:47:15 IST" duration-ms="38098" status="PASS">
          <params>
            <param index="0">
              <value>
                <![CDATA[public void script.ValidLogin.testValidLogin()]]>
              </value>
            </param>
            <param index="1">
              <value>
                <![CDATA[config.properties]]>
              </value>
            </param>
          </params>
          <reporter-output>
          </reporter-output>
        </test-method> <!-- preCondition -->
        <test-method signature="testValidLogin()[pri:1, instance:script.ValidLogin@18078bef]" started-at="2024-10-23T11:47:15 IST" name="testValidLogin" finished-at="2024-10-23T11:47:23 IST" duration-ms="8223" status="PASS">
          <reporter-output>
            <line>
              <![CDATA[Home Page is Displayed]]>
            </line>
          </reporter-output>
        </test-method> <!-- testValidLogin -->
        <test-method is-config="true" signature="postCondition(org.testng.ITestResult)[pri:0, instance:script.ValidLogin@18078bef]" started-at="2024-10-23T11:47:23 IST" name="postCondition" finished-at="2024-10-23T11:47:26 IST" duration-ms="2910" status="PASS">
          <params>
            <param index="0">
              <value>
                <![CDATA[[TestResult name=testValidLogin status=SUCCESS method=ValidLogin.testValidLogin()[pri:1, instance:script.ValidLogin@18078bef] output=Home Page is Displayed]]]>
              </value>
            </param>
          </params>
          <reporter-output>
          </reporter-output>
        </test-method> <!-- postCondition -->
      </class> <!-- script.ValidLogin -->
    </test> <!-- TestQA -->
  </suite> <!-- Suite -->
</testng-results>
