<?xml version="1.0" encoding="UTF-8"?>
<testng-results ignored="0" total="1" passed="1" failed="0" skipped="0">
  <reporter-output>
    <line>
      <![CDATA[Err Msg is Displayed]]>
    </line>
  </reporter-output>
  <suite started-at="2024-10-23T11:43:42 IST" name="Default suite" finished-at="2024-10-23T11:45:00 IST" duration-ms="77515">
    <groups>
    </groups>
    <test started-at="2024-10-23T11:43:42 IST" name="Default test" finished-at="2024-10-23T11:45:00 IST" duration-ms="77515">
      <class name="script.InvalidLogin">
        <test-method is-config="true" signature="initReport()[pri:0, instance:script.InvalidLogin@bcec361]" started-at="2024-10-23T11:43:42 IST" name="initReport" finished-at="2024-10-23T11:43:42 IST" duration-ms="827" status="PASS">
          <reporter-output>
          </reporter-output>
        </test-method> <!-- initReport -->
        <test-method is-config="true" signature="preCondition(java.lang.reflect.Method,java.lang.String)[pri:0, instance:script.InvalidLogin@bcec361]" started-at="2024-10-23T11:43:42 IST" name="preCondition" finished-at="2024-10-23T11:44:51 IST" duration-ms="68215" status="PASS">
          <params>
            <param index="0">
              <value>
                <![CDATA[public void script.InvalidLogin.TestInvalidLogin()]]>
              </value>
            </param>
            <param index="1">
              <value>
                <![CDATA[./config.properties]]>
              </value>
            </param>
          </params>
          <reporter-output>
          </reporter-output>
        </test-method> <!-- preCondition -->
        <test-method signature="TestInvalidLogin()[pri:2, instance:script.InvalidLogin@bcec361]" started-at="2024-10-23T11:44:51 IST" name="TestInvalidLogin" finished-at="2024-10-23T11:44:58 IST" duration-ms="6841" status="PASS">
          <reporter-output>
            <line>
              <![CDATA[Err Msg is Displayed]]>
            </line>
          </reporter-output>
        </test-method> <!-- TestInvalidLogin -->
        <test-method is-config="true" signature="postCondition(org.testng.ITestResult)[pri:0, instance:script.InvalidLogin@bcec361]" started-at="2024-10-23T11:44:58 IST" name="postCondition" finished-at="2024-10-23T11:45:00 IST" duration-ms="2369" status="PASS">
          <params>
            <param index="0">
              <value>
                <![CDATA[[TestResult name=TestInvalidLogin status=SUCCESS method=InvalidLogin.TestInvalidLogin()[pri:2, instance:script.InvalidLogin@bcec361] output=Err Msg is Displayed]]]>
              </value>
            </param>
          </params>
          <reporter-output>
          </reporter-output>
        </test-method> <!-- postCondition -->
        <test-method is-config="true" signature="generateReport()[pri:0, instance:script.InvalidLogin@bcec361]" started-at="2024-10-23T11:45:01 IST" name="generateReport" finished-at="2024-10-23T11:45:02 IST" duration-ms="1328" status="PASS">
          <reporter-output>
          </reporter-output>
        </test-method> <!-- generateReport -->
      </class> <!-- script.InvalidLogin -->
    </test> <!-- Default test -->
  </suite> <!-- Default suite -->
</testng-results>
